   15  pwd
   16  ls
   17  clear
   18  vim shell_exercise.sh
   19  sh shell_exercise.sh 
   20  shdate
   21  sh date
   22  vim shell_exercise.sh
   23  date
   24  who
   25  $HOME
   26  $USER
   27  $user
   28  $USER
   29  $NAME
   30  vim shell_exercise.sh 
   31  $USERsh
   32  sh shell_exercise.sh 
   33  date
   34  vim shell_exercise.sh 
   35  sh shell_exercise.sh 
   36  vim shell_exercise.sh 
   37  sh shell_exercise.sh 
   38  vim shell_exercise.sh 
   39  sh shell_exercise.sh 
   40  vim shell_exercise.sh 
   41  sh shell_exercise.sh 
   42  vim shell_exercise.sh 
   43  sh shell_exercise.sh 
   44  vim shell_exercise.sh 
   45  sh shell_exercise.sh 
   46  vim shell_exercise.sh 
   47  sh shell_exercise.sh 
   48  vim shell_exercise.sh 
   49  sh shell_exercise.sh 
   50  vim shell_exercise.sh 
   51  clear
   52  sh shell_exercise.sh 
   53  clear
   54  vim shell_exercise.sh 
   55  sh shell_exercise.sh 
   56  date
   57  $date
   58  $DATE
   59  date
   60  vim shell_exercise.sh 
   61  sh shell_exercise.sh 
   62  vim shell_exercise.sh 
   63  sh shell_exercise.sh 
   64  clear
   65  sh shell_exercise.sh 
   66  pwd
   67  ls 
   68  cd ..
   69  ls\
   70  ls -al
   71  ls
   72  cd Kang_A4
   73  sh shell_exercise.sh 
   74  cleear
   75  sh shell_exercise.sh 
   76  clear
   77  sh shell_exercise.sh 
   78  vim shell_exercise.sh 
   79  sh shell_exercise.sh 
   80  vim shell_exercise.sh 
   81  sh shell_exercise.sh 
   82  vim shell_exercise.sh 
   83  sh shell_exercise.sh 
   84  vim shell_exercise.sh 
   85  sh shell_exercise.sh 
   86  vim shell_exercise.sh 
   87  sh shell_exercise.sh 
   88  vim shell_exercise.sh 
   89  sh shell_exercise.sh 
   90  vim shell_exercise.sh 
   91  sh shell_exercise.sh 
   92  vim shell_exercise.sh 
   93  sh shell_exercise.sh 
   94  vim shell_exercise.sh 
   95  sh shell_exercise.sh 
   96  vim shell_exercise.sh 
   97  sh shell_exercise.sh 
   98  clear 
   99  sh shell_exercise.sh 
  100  vim shell_exercise.sh 
  101  sh shell_exercise.sh 
  102  vim shell_exercise.sh 
  103  sh shell_exercise.sh 
  104  vim shell_exercise.sh 
  105  sh shell_exercise.sh
  106  clear
  107  sh shell_exercise.sh 
  108  vim shell_exercise.sh 
  109  sh shell_exercise.sh 
  110  vim shell_exercise.sh 
  111  sh shell_exercise.sh 
  112  vim shell_exercise.sh 
  113  clear
  114  sh shell_exercise.sh 
  115  vim shell_exercise.sh 
  116  sh shell_exercise.sh 
  117  vim shell_exercise.sh 
  118  clear
  119  sh shell_exercise.sh 
  120  vim shell_exercise.sh 
  121  clear
  122  sh shell_exercise.sh 
  123      clar
  124  cls
  125  vim shell_exercise.sh 
  126  sh shell_exercise.sh 
  127  vim shell_exercise.sh 
  128  sh shell_exercise.sh 
  129  clear
  130  vim shell_exercise.sh 
  131  sh shell_exercise.sh 
  132  vim shell_exercise.sh 
  133  sh shell_exercise.sh 
  134  vim shell_exercise.sh 
  135  sh shell_exercise.sh 
  136  clear
  137  sh shell_exercise.sh 
  138  vim shell_exercise.sh 
  139  sh shell_exercise.sh 
  140  vim shell_exercise.sh 
  141  sh shell_exercise.sh 
  142  clear
  143  sh shell_exercise.sh 
  144  vim shell_exercise.sh 
  145  sh shell_exercise.sh 
  146  vim shell_exercise.sh 
  147  clear
  148  sh shell_exercise.sh 
  149  vim shell_exercise.sh 
  150  sh shell_exercise.sh 
  151  clear
  152  sh shell_exercise.sh 
  153  mv shell_exercise.sh echoing.sh
  154  ls
  155  cd ..
  156  ls
  157  cd Kang_A4
  158  ls
  159  clear
  160  sh echoing.sh 
  161  vim echoing.sh 
  162  cat echoing.sh 
  163  sh echoing.sh 
  164  clear
  165  sh
  166  cleaer
  167  clear
  168  sh echoing.sh 
  169  vim echoing.sh 
  170  sh echoing.sh 
  171  vim echoing.sh 
  172  sh echoing.sh 
  173  clear
  174  sh echoing.sh 
  175  cd ..
  176  ls
  177  cd Kang_A4
  178  git add .
  179  cd ..
  180  git add .
  181  ls
  182  cd Kang_A4
  183  ls -al
  184  git add .
  185  cd ..
  186  git add .
  187  cd Kang_A4_shell/
  188  ls -al
  189  cd ..
  190  cd CS131_fa24_datafiles/
  191  ls 
  192  ls -al
  193  git add .
  194  ls
  195  pwd
  196  git status
  197  git commit -m "lec04 assignment"
  198  git push -u 
  199  cd ..
  200  ls
  201  git clone git@github.com:boseongkang/mini-assignments.git
  202  git clone https://github.com/boseongkang/mini-assignments.git
  203  ls
  204  mv Kang_A4/echoing.sh mini-assignments/
  205  cd mini-assignments/
  206  ls
  207  cd
  208  cd Kang_A4
  209  ls
  210  cd
  211  mv mini-assignments/echoing.sh ~/Kang_A4
  212  cd Kang_A4
  213  ls
  214  cd
  215  rm -rf mini-assignments/
  216  ls
  217  git clone https://github.com/CS131-BigDataProcessing/mini-assignments-boseongkang.git
  218  ls
  219  cd mini-assignments-boseongkang/
  220  ls
  221  cd ..
  222  ls
  223  cd mini-assignments-boseongkang/
  224  mkdir Kang_A4
  225  cd
  226  mv Kang_A4/echoing.sh mini-assignments-boseongkang/Kang_A4/
  227  cd mini-assignments-boseongkang/
  228  ls
  229  cd Kang_A4/
  230  ls
  231  git add .
  232  git commit -m "A4 assignment"
  233  git push -u
  234  ssh-keygen -t ed25519 -C "your_email@example.com"
  235  ssh-keygen -t ed25519 -C "https://github.com/boseongkang"
  236  y
  237  ssh-keygen -t ed25519 -C "https://github.com/boseongkang"
  238  Y
  239  eval "$(ssh-agent -s)"
  240  ssh-add ~/.ssh/id_ed25519
  241  eval "$(ssh-agent -s)"
  242  ssh-add ~/.ssh/id_ed25519
  243  pbcopy < ~/.ssh/id_ed25519.pub
  244  SHA256:j17/eLUNGaQS+OoikCOcc5kk6UEnFbFHz5cUVutQlh8
  245  cat ~/.ssh/id_ed25519.pub
  246  clear
  247  cat ~/.ssh/id_ed25519.pub
  248  $ git config user.name
  249  ssh-keygen -t ed25519 -C "okboseong@gmail.com"
  250  eval "$(ssh-agent -s)"
  251  ssh-add ~/.ssh/id_ed25519
  252  pbcopy < ~/.ssh/id_ed25519.pub
  253  cat ~/.ssh/id_ed25519.pub
  254  ssh -T boseong.kang
  255  ssh -T boseongkang
  256  ssh -T okboseong@gmail.com
  257  git add .
  258  git commit -m "a4 assignment"
  259  git push -u
  260  ssh -T okboseong@gmail.com
  261  ssh -T git@github.com
  262  ls
  263  ls -al
  264  rm 'eval "$(ssh-agent -s)"
  265  '
  266  rm -rf 'eval "$(ssh-agent -s)"'
  267  ls
  268  rm -rf 'eval "$(ssh-agent -s)".pub' '
  269  '
  270  ls
  271  vim echoing.sh 
  272  git add .
  273  git commit -m "a4assignment"
  274  git puys -u
  275  git config --global user.email "okboseong@gmail.com
  276  "
  277  git config --global user.name "boseongkang"
  278  git commit -m "a4assignment"
  279  git push -u
  280  git remote set-url origin git@github.com:boseongkang/CS131-BigDataProcessing/mini-assignments-boseongkang.git
  281  git push -u origin main
  282  git remote set-url origin https://github.com/CS131-BigDataProcessing/mini-assignments.git
  283  git push -u origin main
  284  git remote set-url origin https://github.com/CS131-BigDataProcessing/mini-assignments.git
  285  git push -u origin main
  286  ls
  287  pwd
  288  ls
  289  cd ..
  290  ls
  291  pwd
  292  git add .
  293  git commit -m "a4 assignment
  294  git push -u
  295  git push origin main
  296  git fetch origin
  297  git remote set-url origin git@github.com:CS131-BigDataProcessing/mini-assignments.git
  298  git push origin main
  299  cd
  300  ls
  301  cd Kang_A4
  302  ls
  303  cd ../mini-assignments-boseongkang/
  304  ls
  305  cd Kang_A4/
  306  ls
  307  vim echoing.sh 
  308  ls
  309  cd ..
  310  ls
  311  cd
  312  ls
  313  ls -al
  314  vim .bashrc 
  315  clear
  316  cat .bashrc
  317  ls -al
  318  cat .bash_profile 
  319  cat .bashrc
  320  clear
  321  cat .bashrc
  322  ls
  323  git add .
  324  cd mini-assignments-boseongkang/
  325  ls
  326  git add .
  327  git commit -m "test"
  328  git push -u
  329  git pull
  330  ls -al ~/.ssh
  331  cd
  332  ls
  333  cd mini-assignments-boseongkang/
  334  ls -al
  335  git add .
  336  git commit -m "test
  337  "
  338  git pull
  339  pbcopy < ~/.ssh/id_ed25519.pub
  340  cat ~/.ssh/id_ed25519.pub
  341  eval "$(ssh-agent -s)"
  342  ssh-add ~/.ssh/id_ed25519
  343  ssh -T git@github.com
  344  eval "$(ssh-agent -s)"
  345  ssh-add ~/.ssh/id_ed25519
  346  ssh -T git@github.com
  347  ls 
  348  cd mini-assignments-boseongkang/
  349  ls
  350  ls -al
  351  git add .
  352  git commit -m "a4"
  353  git pull origin main
  354  ls -al ~/.ssh
  355  cat ~/.ssh/id_ed25519.pub
  356  ssh -T git@github.com
  357  git pull origin main
  358  git pull origin main --allow-unrelated-histories
  359  git push origin main
  360  ssh -T git@github.com
  361  git remote -v
  362  ls
  363  touch test.md
  364  git add .
  365  git commit -m "test"
  366  git push -u
  367  git remote set-url origin https://github.com/CS131-BigDataProcessing/mini-assignments.git
  368  git push origin main
  369  clear
  370  cls
  371  pwd
  372  ls
  373  cls
  374  ls -al
  375  cls
  376  ls -l
  377  cls
  378  pwd
  379  ls -l
  380  cd Kang_A4
  381  ls
  382  cls
  383  cd ../mini-assignments-boseongkang
  384  cls
  385  pwd
  386  ls
  387  vim test.md 
  388  git add .
  389  git commit -m "test"
  390  git push -u
  391  cd
  392  clear
  393  cd mini-assignments-boseongkang/
  394  ls 
  395  cat test.md 
  396  git status
  397  git add .
  398  git commit -m "test"
  399  git push origin master
  400  git push origin main
  401  git push -u
  402  git log
  403  ls -al ~/.ssh
  404  ssh -T git@github.com
  405  clear
  406  git log
  407  ls
  408  clear
  409  pwd
  410  ls -l
  411  cat test.md 
  412  git remote -v
  413  git remote set-url origin git@github.com:boseongkang/CS131-BigDataProcessing/mini-assignments-boseongkang.git
  414  ls -l
  415  vim test.md 
  416  git add .
  417  git commit -m "test"
  418  git push -u
  419  git remote -v
  420  git remote set-rul origin git@github.com:CS131-BigDataProcessing/mini-assignments-boseongkang.git
  421  git remote set-url origin git@github.com:CS131-BigDataProcessing/mini-assignments-boseongkang.git
  422  git add .
  423  git commit -m "a"
  424  git push -u
  425  clear
  426  ls
  427  cd CS131_fa24_datafiles/
  428  ls
  429  cd Lec0
  430  cd Lec02
  431  ls
  432  clear
  433  cat goodluck.txt 
  434  vim goodluck.txt 
  435  ls
  436  cd ..
  437  ls
  438  pwd
  439  ls
  440  cd mini-assignments-boseongkang/
  441  ls
  442  clear
  443  pwd
  444  ls -l
  445  mkdir Kang-BS_A2
  446  cd Kang-BS_A2/
  447  pwd
  448  clear
  449  cd ..
  450  ls
  451  cd ..
  452  ls
  453  cd CS131_fa24_datafiles/
  454  ls
  455  cd Lec02
  456  ls
  457  cp goodluck.txt ~/mini-assignments-boseongkang/Kang-BS_A2/
  458  cd
  459  cd mini-assignments-boseongkang/
  460  ls
  461  cd Kang-BS_A2/
  462  ls
  463  clear
  464  grep wor goodluck.txt 
  465  grep "wor" goodluck.txt 
  466  clear
  467  grep -o "dred" goodluck.txt 
  468  grep "dred" goodluck.txt 
  469  grep '\w*dred\w*' goodluck.txt 
  470  clear
  471  grep -o 'dred' goodluck.txt 
  472  grep -o '\bwor\w*' goodluck.txt 
  473  clear
  474  grep '\bwor\w*' goodluck.txt 
  475  grep -l '\bwor\w*' goodluck.txt 
  476  grep -o '\bwor\w*' goodluck.txt 
  477  grep -w '\bwor\w*' goodluck.txt 
  478  man grep
  479  clear
  480  grep -o '\bwor\w*' goodluck.txt 
  481  grep -o '\wdred\w*' goodluck.txt 
  482  grep '\wdred\w*' goodluck.txt 
  483  man grep
  484  cd CS131_fa24_datafiles/
  485  ls
  486  clear
  487  cs Lec07
  488  ls
  489  cd Lec07
  490  ls
  491  clear
  492  cat lec07_class.sh 
  493  cd ..
  494  cd mini-assignments-boseongkang/
  495  ls
  496  cd Kang_A4
  497  ls
  498  cat echoing.sh 
  499  ls
  500  vim echoing.sh 
  501  pwd
  502  cls
  503  ls
  504  cd ..
  505  ls
  506  cd Kang-BS_A2/
  507  ls
  508  vim goodluck.txt 
  509  ls
  510  cd ..
  511  vim a2_shell_log.txt 
  512  ls
  513  cd ..
  514  ls
  515  vim index.html 
  516  cd Kang_A
  517  ls
  518  clear
  519  cd mini-assignments-boseongkang/
  520  ls
  521  cd Kang_A4
  522  cat echoing.sh 
  523  cd ~
  524  ls
  525  cd mis
  526  ls
  527  cd mini-assignments-boseongkang/
  528  ls
  529  cd KangFI_A5/
  530  ls
  531  clear
  532  cat age.sh 
  533  ls
  534  git pull https://github.com/CS131-BigDataProcessing/CS131_fa24_datafiles.git
  535  cd ..
  536  ls
  537  cd bkangfa24/
  538  ls
  539  git pull 
  540  git pull git@github.com:CS131-BigDataProcessing/CS131_fa24_datafiles.git
  541  clear
  542  ls
  543  git clone https://github.com/CS131-BigDataProcessing/CS131_fa24_datafiles.git
  544  rm -rf CS131_fa24_datafiles/
  545  git clone https://github.com/CS131-BigDataProcessing/CS131_fa24_datafiles.git
  546  ls
  547  cd CS131_fa24_datafiles/
  548  ls
  549  clear
  550  cd Lec07
  551  ls
  552  cat lec07_class.sh 
  553  vim lec07_class.sh 
  554  sh lec07_class.sh 
  555  sh lec07_class.sh bkangfa24
  556  cat lec07_class.sh 
  557  cls
  558  vim lec07_class.sh 
  559  sh lec07_class.sh bkangfa24
  560  vim lec07_class.sh 
  561  sh lec07_class.sh bkangfa24
  562  cat lec07_class.sh 
  563  vim lec07_class.sh 
  564  sh lec07_class.sh bkangfa24
  565  vim lec07_class.sh 
  566  sh lec07_class.sh bkangfa24
  567  vim lec07_class.sh 
  568  bash lec07_class.sh bkangfa24
  569  clear
  570  bash lec07_class.sh bkangfa24
  571  vim lec07_class.sh 
  572  clear
  573  sh lec07_class.sh bkangfa24
  574  vim lec07_class.sh 
  575  sh lec07_class.sh bkangfa24
  576  sh lec07_class.sh as
  577  clear
  578  sh lec07_class.sh asdasdqq
  579  vim lec07_class.sh 
  580  cd ..
  581  ls
  582  pwd
  583  cd ..
  584  ls
  585  cd mini-assignments-boseongkang/
  586  ls
  587  cls
  588  ls
  589  mkdir KangFI_A5
  590  cd KangFI_A5/
  591  clear
  592  pwd
  593  clear
  594  vim age.sh
  595  sh age.sh 5
  596  vim age.sh 
  597  sh age.sh 5
  598  vim age.sh 
  599  sh age.sh 5
  600  vim age.sh 
  601  sh age.sh 
  602  sh age.sh 5
  603  vim age.sh 
  604  sh age.sh 5
  605  vim age.sh 
  606  sh age.sh 5
  607  sh age.sh 
  608  vim age.sh 
  609  sh age.sh 5
  610  vim age.sh 
  611  sh age.sh 5
  612  vim age.sh 
  613  sh age.sh 5
  614  vim age.sh 
  615  sh age.sh 5
  616  vim age.sh 
  617  sh age.sh 5, 17
  618  sh age.sh 5
  619  sh age.sh 
  620  vim age.sh 
  621  clear
  622  vim age.sh 
  623  sh age.sh 5,17,48,72
  624  sh age.sh 5
  625  sh age.sh 17
  626  sh age.sh 48
  627  sh age.sh 72
  628  vim age.sh 
  629  ls 
  630  vim temperature.sh
  631  sh temperature.sh 62
  632  vim 
  633  vim temperature.sh 
  634  sh temperature.sh 62
  635  vim temperature.sh 
  636  sh temperature.sh 62
  637  vim temperature.sh 
  638  sh temperature.sh 62
  639  vim temperature.sh 
  640  sh temperature.sh 62
  641  vim temperature.sh 
  642  sh temperature.sh 5
  643  sh temperature.sh 62
  644  vim tem
  645  vim temperature.sh 
  646  vim 62
  647  sh temperature.sh 62
  648  sh temperature.sh 5
  649  vim temperature.sh 
  650  sh temperature.sh 5
  651  vim temperature.sh 
  652  sh temperature.sh 84
  653  vim temperature.sh 
  654  sh temperature.sh 84
  655  vim temperature.sh 
  656  sh temperature.sh 62
  657  sh temperature.sh 5
  658  sh temperature.sh 97
  659  sh temperature.sh 73
  660  ls 
  661  cd mini-assignments-boseongkang/
  662  ls
  663  cd KangFI_A5/
  664  ls
  665  sh age.sh 5
  666  sh age.sh 17
  667  sh age.sh 48
  668  sh age.sh 72
  669  vim age.sh 
  670  sh age.sh 5
  671  vim age.sh 
  672  sh age.sh 5
  673  vim age.sh 
  674  sh age.sh 17
  675  sh age.sh 48
  676  sh age.sh 72
  677  sh temperature.sh 62
  678  sh temperature.sh 5
  679  sh temperature.sh 97
  680  sh temperature.sh 73
  681  vim temperature.sh 
  682  cd ..
  683  ls
  684  cd KangFI_A5/
  685  ls
  686  git add age.sh 
  687  git commit -m "Age"
  688  git add temperature.sh 
  689  git commit -m "temperature"
  690  git push -u
  691  cd ..
  692  ls
  693  cd KangFI_A5/
  694  vim temperature.sh 
  695  ls
  696  cd ..
  697  ls
  698  mkdir KangFI_A4
  699  cd KangFI_A4/
  700  ls
  701  who
  702  date
  703  vim echoing.sh
  704  clear
  705  who
  706  date
  707  $HOME
  708  sh echoing.sh 
  709  clear
  710  sh echoing.sh 
  711  vim echoing.sh 
  712  sh echoing.sh 
  713  vim echoing.sh 
  714  sh echoing.sh 
  715  pwd
  716  git add echoing.sh 
  717  git commit -m "a4_assignment"
  718  git push -u
  719  cat echoing.sh 
  720  sh echoing.sh 
  721  cd ..
  722  ls
  723  cat a2_shell_log.txt 
  724  ls 
  725  cd Kang-BS_A2/
  726  ls
  727  cd ..
  728  mv a2_shell_log.txt ../mini-assignments-boseongkang/Kang-BS_A2/
  729  ls
  730  cd Kang-BS_A2/
  731  clear
  732  ls
  733  cat a2_shell_log.txt 
  734  cd ..
  735  ls
  736  cd Kang-BS_A2/
  737  ls
  738  rm -rf a2_shell_log.txt 
  739  ls
  740  vim goodluck.txt 
  741  man wor
  742  man wc
  743  we -w wor goodluck.txt 
  744  man wc
  745  grep wor goodluck.txt 
  746  man grep
  747  grep -w wor goodluck.txt 
  748  man grep
  749  grep -o wor goodluck.txt 
  750  grep -i dred goodluck.txt 
  751  man grep
  752  grep -l "Good luck, babe" goodluck.txt 
  753  man grep
  754  grep -w "Good luck, babe" goodluck.txt 
  755  man wc
  756  wc -l | grep -w "Good luck, babe" goodluck.txt 
  757  grep -w "Good luck, babe" goodluck.txt | we -l
  758  grep -w "Good luck, babe" goodluck.txt | wc -l
  759  grep -w "Good luck, babe" goodluck.txt | wc -w
  760  we -w 
  761  we -w goodluck.txt 
  762  wc -w goodluck.txt 
  763  wc -w goodluck.txt | grep -w "Good luck, babe"
  764  wc -w goodluck.txt | grep -w "Good luck, babe" goodluck.txt 
  765  wc -w | grep -w "Good luck, babe" goodluck.txt 
  766  grep -w "Good luck, babe" goodluck.txt | wc -lw
  767  grep -w "Good luck, babe" goodluck.txt | wc -lw > Kang-BS_a2_counts.txt
  768  ls
  769  clear
  770  ls -l
  771  cat Kang-BS_a2_counts.txt
  772  vim Kang-BS_a2_counts.txt 
  773  cat Kang-BS_a2_counts.txt 
  774  history > Kang-BS_A2
  775  clear
  776  ls -l
  777  ls -al
  778  cat Kang-BS_A2 
  779  pwd
  780  cd ..
  781  ls
  782  git add Kang-BS_A2/
  783  git commit -m "a2_assignment"
  784  git push -u
  785  cd Kang-BS_A2/
  786  ls
  787  exit
  788  cd mini-assignments-boseongkang/
  789  ls
  790  cd Kang_A4/
  791  ls
  792  cat echoing.sh 
  793  exit
  794  cd mini-assignments-boseongkang/
  795  ls
  796  clear
  797  ls
  798  cd KangFI_A5
  799  ls
  800  sh temperature.sh 62
  801  sh temperature.sh 5
  802  sh age.sh 5
  803  cd ..
  804  git add .
  805  git commit -m "a5"
  806  git push -u
  807  cd 
  808  ls
  809  cd CS131_fa24_datafiles/
  810  ls
  811  cd Lec08
  812  ls
  813  rm -rf
  814  git clone git@github.com:CS131-BigDataProcessing/CS131_fa24_datafiles.git
  815  ls
  816  cd ..
  817  rm -rf CS131_fa24_datafiles/
  818  git clone git@github.com:CS131-BigDataProcessing/CS131_fa24_datafiles.git
  819  cd CS131_fa24_datafiles/Lec08
  820  mv airline_stats.csv ../../mini-assignments-boseongkang/KangFI_A6
  821  cd 
  822  cd mini-assignments-boseongkang/KangFI_A6
  823  ls
  824  clear
  825  git clone git@github.com:CS131-BigDataProcessing/CS131_fa24_datafiles.git
  826  cd ..
  827  cd bkangfa24/
  828  ls
  829  rm -rf CS131_fa24_datafiles/
  830  git clone git@github.com:CS131-BigDataProcessing/CS131_fa24_datafiles.git
  831  cd CS131_fa24_datafiles/
  832  ls
  833  cd Lec08
  834  ls
  835  clear
  836  cat airline_stats.csv 
  837  head airline_stats.csv 
  838  tail airline_stats.csv 
  839  cls
  840  head  
  841  clear
  842  head airline_stats.csv 
  843  tmail airline_stats.csv
  844  clear airline_stats.csv 
  845  clear
  846  tail airline_stats.csv 
  847  clear
  848  awk '/ya/' /etc/passwd
  849  awk -F
  850  awk -F '/ya/' /etc/passwd
  851  awk -F '/ya/ {print $5}' /etc/passwd
  852  awk -F '/ya/ { print $5 }' /etc/passwd
  853  awk -F: '/ya/ { print $5 }' /etc/passwd
  854  gawk -F: '/ya/ { print $5 }' /etc/passwd
  855  clear
  856  awk -F: '/ya/ { print $5 }' /etc/passwd
  857  clear
  858  ls
  859  head airline_stats.csv 
  860  awk -F, '{print $4}' airline_stats.csv 
  861  head airline_stats.csv 
  862  awk -F, '$1 > 12 {print $4}' airline_stats.csv 
  863  head airline_stats.csv 
  864  clear
  865  awk -F, '{print $4}' airline_stats.csv 
  866  awk -F, '{print $4}' airline_stats.csv |sort|uniq
  867  awk -F, '{print $4}' airline_stats.csv |sort|uniq|wc-l
  868  awk -F, '{print $4}' airline_stats.csv |sort|uniq|wc -|
  869  awk -F, '{print $4}' airline_stats.csv |sort|uniq|wc|
  870  awk -F, '{print $4}' airline_stats.csv |sort-n|uniq-c|wc|
  871  awk -F, '{print $4}' airline_stats.csv |sort-n|uniq-c|
  872  awk -F, '{print $4}' airline_stats.csv |sort-n|uniq-c
  873  awk -F, '{print $4}' airline_stats.csv |sort
  874  awk -F, '{print $4}' airline_stats.csv |sort|uniq|wc-l
  875  man awk
  876  clear
  877  awk -F, '{print $4}' airline_stats.csv |sort|uniq
  878  cat airline_stats.csv head
  879  cat head airline_stats.csv 
  880  head airline_stats.csv 
  881  clear
  882  tail airline_stats.csv 
  883  clear
  884  head airline_stats.csv 
  885  awk -F, '{print $4}' airline_stats.csv |sort|uniq
  886  vim airline_inquiry.txt
  887  awk -F, '$1 > 10 {print $4}' airline_stats.csv 
  888  clear
  889  awk -F, '$1 > 10 {print $4}' airline_stats.csv |sort
  890  awk -F, '$1 > 10 {print $4}' airline_stats.csv |sort|uniq
  891  vim airline_inquiry.txt 
  892  head airline_stats.csv 
  893  awk -v, '$1 > 15 {print $4}' airline_stats.csv |sort|uniq
  894  cat airline_inquiry.txt 
  895  awk -v Threshold="$15" {print $4}' airline_stats.csv |sort|uniq
  896  awk -v Threshold="$15" 'if $1 > 15 {print $4}' airline_stats.csv |sort|uniq
  897  awk -v Threshold="$15" '{if ($1 > 15) {print $4}}' airline_stats.csv |sort|uniq
  898  awk -v Threshold="15" '{if ($1 > 15) {print $4}}' airline_stats.csv |sort|uniq
  899  awk -v Threshold="$/15" '{if ($1 > 15) {print $4}}' airline_stats.csv |sort|uniq
  900  awk -v Threshold="$/15" '{if ($1 > Threshold) {print $4}}' airline_stats.csv |sort|uniq
  901  awk -v Threshold="15" '{if ($1 > Threshold) print $4}' airline_stats.csv |sort|uniq
  902  awk -v Threshold="15" '{if ($1 < Threshold) print $4}' airline_stats.csv |sort|uniq
  903  awk -v Threshold=1" '{if ($1 > Threshold) print $4}' airline_stats.csv |sort|uniq
  904  awk -v Threshold=15 '{$1 > Threshold print $4}' airline_stats.csv |sort|uniq
  905  awk -v Threshold=15 '$1 > Threshold {print $4}' airline_stats.csv |sort|uniq
  906  awk -v Threshold=15 '$1 < Threshold {print $4}' airline_stats.csv |sort|uniq
  907  awk -v Threshold=15 '$1 > Threshold {print $4}' airline_stats.csv 
  908  clear
  909  awk -v Threshold=15 '$1 > Threshold {print $4}' airline_stats.csv
  910  awk -v Threshold=15 '$1 > Threshold {print $4}' airline_stats.csv |sort
  911  clear
  912  awk -v threshold=15 '$1 > threshold {print $4}' airline_stats.csv
  913  cat airline_stats.csv 
  914  awk -v threshold=15 '$1 > threshold {print $4}' airline_stats.txt
  915  ls
  916  awk -v threshold=15 '$1 > threshold' airline_stats.csv
  917  clear
  918  awk -v threshold=15 '$1 > threshold' airline_stats.csv sort|uniq
  919  clear
  920  awk -v Threshold=15 '$1 > Threshold' airline_stats.csv sort|uniq
  921  head airline_stats.csv 
  922  clear
  923  head airline_stats.csv 
  924  awk -v Threshold=15 '$1 > Threshold' airline_stats.csv sort|uniq
  925  awk -F, '$1 > 10 {print $4}' airline_stats.csv |sort|uniq
  926  ls
  927  mv airline_stats.csv ../../mini-assignments-boseongkang/KangFI_A6
  928  ls
  929  mv airline_inquiry.txt ../../mini-assignments-boseongkang/KangFI_A6
  930  cd 
  931  ls 
  932  cd mini-assignments-boseongkang/
  933  cd KangFI_A6
  934  ls
  935  cat KangFI_A6
  936  cd ..
  937  ls
  938  rm -rf CS131_fa24_datafiles/
  939  git pull git@github.com:CS131-BigDataProcessing/CS131_fa24_datafiles.git
  940  git clone git@github.com:CS131-BigDataProcessing/CS131_fa24_datafiles.git
  941  ls
  942  cd mini-assignments-boseongkang/
  943  ls
  944  rm KangFI_A6
  945  ls
  946  cd ..
  947  ls
  948  cd mini-assignments-boseongkang/
  949  ls
  950  mkdir KANGFI_A6
  951  cd ..
  952  ls
  953  cd CS131_fa24_datafiles/
  954  ls
  955  cd Lec0
  956  cd Lec08
  957  ls
  958  mv airline_stats.csv ../../mini-assignments-boseongkang/KangFI_A6
  959  cd
  960  cd mini-assignments-boseongkang/KangFI_A6
  961  cd
  962  cd mini-assignments-boseongkang/
  963  ls
  964  rm KanfFI_A6
  965  rm -rf KanfFI_A6
  966  ls
  967  ls -l
  968  rm -rf KangFI_A6
  969  cd KANGFI_A6
  970  ls
  971  cd ..
  972  rm -rf KANGFI_A6
  973  ls
  974  mkdir KangFI_A6
  975  ls
  976  cd KangFI_A6
  977  awk -F, '{print $4}' airline_stats.csv |sort|uniq
  978  awk -F, '$1 > 10 {print $4}' airline_stats.csv |sort|uniqvi
  979  awk -v Threshold=15 '$1 > Threshold' airline_stats.csv sort|uniq
  980  awk -F, '{print $4}' airline_stats.csv |sort|uniq
  981  vim airline_inquiry.txt
  982  vim airline_inquiry.txt 
  983  awk -v Threshold=15 '$1 > Threshold' airline_stats.csv sort|uniq
  984  vim airline_inquiry.txt 
  985  vim airline_
  986  vim airline_inquiry.txt 
  987  hitory > a6_cmds.log
  988  history > a6_cmds.log
  989  ls
  990  git add .
  991  git commit -m "a6"
  992  git push -u
  993  vim airline_inquiry.txt 
  994  git add airline_inquiry.txt 
  995  git commit -m "q1modify"
  996  git push -u
  997  cleaar
  998  cls
  999  sl
 1000  cd mini-assignments-boseongkang/
 1001  ls
 1002  cd KangFI_A
 1003  cd KangFI_A6
 1004  ls
 1005  awk -v Threshold=15 -F, '$1 > Threshold {print $4}' airline_stats.csv | sort | uniq
 1006  history > a6_cmds.log
 1007  ls
 1008  cat a6_cmds.log 
 1009  cls
 1010  ls
 1011  cat airline_inquiry.txt 
 1012  awk -v Threshold=15 '$1 > Threshold' airline_stats.csv sort|uniq
 1013  awk -v threshold=15 '$1 > Threshold' airline_stats.csv sort|uniq
 1014  history > a6_cmds.log
